2025-04-07 16:53:20,558 - main - INFO - ===== 自动电话呼叫系统启动 =====
2025-04-07 16:53:20,560 - config - INFO - 配置加载成功: config.yaml
2025-04-07 16:53:20,560 - main - INFO - 初始化TTS引擎...
2025-04-07 16:53:20,560 - main - INFO - 初始化Whisper语音识别...
2025-04-07 16:53:20,560 - whisper - INFO - 正在加载Whisper模型(small)...
2025-04-07 16:53:24,122 - whisper - INFO - Whisper模型加载成功
2025-04-07 16:53:24,122 - main - INFO - 初始化SIP客户端: your.sip.server:62060
2025-04-07 16:54:41,042 - main - INFO - ===== 自动电话呼叫系统启动 =====
2025-04-07 16:54:41,045 - config - INFO - 配置加载成功: config.yaml
2025-04-07 16:54:41,045 - main - INFO - 初始化TTS引擎...
2025-04-07 16:54:41,045 - main - INFO - 初始化Whisper语音识别...
2025-04-07 16:54:41,045 - whisper - INFO - 正在加载Whisper模型(small)...
2025-04-07 16:54:44,210 - whisper - INFO - Whisper模型加载成功
2025-04-07 16:54:44,210 - main - INFO - 初始化SIP客户端: 159.138.145.85:62060
2025-04-07 16:54:44,762 - sip - INFO - SIP客户端初始化成功
2025-04-07 16:54:44,762 - main - INFO - 初始化呼叫管理器...
2025-04-07 16:54:44,767 - call_manager - INFO - 成功加载电话号码列表，共7001个号码
2025-04-07 16:54:44,768 - main - INFO - 开始处理呼叫，TTS文本: 您好，这是一个自动语音通知。请在听到提示音后留言，我们将会尽...
2025-04-07 16:54:44,768 - call_manager - INFO - 开始处理呼叫列表，共7001个号码
2025-04-07 16:54:44,768 - call_manager - INFO - 正在拨打第1个号码: 手机
2025-04-07 16:54:44,769 - tts - INFO - 正在使用edge-tts生成语音: '您好，这是一个自动语音通知。请在听到提示音后留言，我们将会尽快回复您。谢谢您的来电！'
2025-04-07 16:54:47,271 - tts - INFO - TTS生成成功: tts_cache/09144395b51828c7f26c17495f3f0e05_zh-CN-XiaoxiaoNeural.mp3
2025-04-07 16:54:47,293 - tts - INFO - 转换MP3到WAV: ffmpeg -y -i tts_cache/09144395b51828c7f26c17495f3f0e05_zh-CN-XiaoxiaoNeural.mp3 -acodec pcm_s16le -ar 8000 -ac 1 tts_cache/09144395b51828c7f26c17495f3f0e05_zh-CN-XiaoxiaoNeural.wav
2025-04-07 16:54:47,477 - tts - INFO - MP3成功转换为WAV: tts_cache/09144395b51828c7f26c17495f3f0e05_zh-CN-XiaoxiaoNeural.wav
2025-04-07 16:54:47,482 - sip - INFO - 正在拨打: sip:@159.138.145.85:62060
2025-04-07 16:54:47,483 - sip - INFO - 服务器信息: 159.138.145.85:62060
2025-04-07 16:54:47,483 - sip - INFO - 账户信息: 169532
2025-04-07 16:54:47,483 - sip - INFO - 语音文件加载成功: tts_cache/09144395b51828c7f26c17495f3f0e05_zh-CN-XiaoxiaoNeural.wav
2025-04-07 16:54:47,484 - sip - INFO - 开始拨号...
2025-04-07 16:54:48,257 - sip - ERROR - 拨打电话失败: 
2025-04-07 16:54:48,257 - sip - ERROR - SIP错误状态: 171042, 原因: Invalid Request URI (PJSIP_EINVALIDREQURI)
2025-04-07 16:54:48,259 - call_manager - INFO - 呼叫结果已保存到: call_log.csv
2025-04-07 16:54:48,260 - call_manager - INFO - 等待5秒后拨打下一个号码...
2025-04-07 16:54:53,265 - call_manager - INFO - 正在拨打第2个号码: 13001413111
2025-04-07 16:54:53,266 - tts - INFO - 使用缓存的TTS文件: tts_cache/09144395b51828c7f26c17495f3f0e05_zh-CN-XiaoxiaoNeural.wav
2025-04-07 16:54:53,267 - sip - INFO - 正在拨打: sip:13001413111@159.138.145.85:62060
2025-04-07 16:54:53,268 - sip - INFO - 服务器信息: 159.138.145.85:62060
2025-04-07 16:54:53,268 - sip - INFO - 账户信息: 169532
2025-04-07 16:54:53,269 - sip - INFO - 语音文件加载成功: tts_cache/09144395b51828c7f26c17495f3f0e05_zh-CN-XiaoxiaoNeural.wav
2025-04-07 16:54:53,269 - sip - INFO - 开始拨号...
2025-04-07 16:54:54,004 - sip - INFO - 呼叫状态: 1, 最后状态码: 0
2025-04-07 16:54:54,005 - sip - INFO - 呼叫已建立
2025-04-07 16:55:00,690 - sip - INFO - 呼叫状态: 3, 最后状态码: 183
2025-04-07 16:55:14,065 - sip - INFO - 呼叫状态: 6, 最后状态码: 487
2025-04-07 16:55:14,066 - sip - INFO - 通话已结束
2025-04-07 16:55:15,350 - sip - INFO - SIP服务已停止
